# JRE version: Java(TM) SE Runtime Environment (8.0_66-b18) (build 1.8.0_66-b18)
# Java VM: Java HotSpot(TM) 64-Bit Server VM (25.66-b18 mixed mode windows-amd64 compressed oops)
Heap:
 PSYoungGen      total 43008K, used 36739K [0x00000007bc400000, 0x00000007c0000000, 0x00000007c0000000)
  eden space 27648K, 88% used [0x00000007bc400000,0x00000007bdbf9460,0x00000007bdf00000)
  from space 15360K, 79% used [0x00000007bf100000,0x00000007bfce7828,0x00000007c0000000)
  to   space 16896K, 0% used [0x00000007bdf00000,0x00000007bdf00000,0x00000007bef80000)
 ParOldGen       total 209408K, used 191362K [0x0000000700000000, 0x000000070cc80000, 0x00000007bc400000)
  object space 209408K, 91% used [0x0000000700000000,0x000000070bae0aa0,0x000000070cc80000)
 Metaspace       used 81942K, capacity 82761K, committed 83456K, reserved 1120256K
  class space    used 12094K, capacity 12252K, committed 12288K, reserved 1048576K
GC Heap History (10 events):
Event: 5478.243 GC heap before
{Heap before GC invocations=243 (full 21):
 PSYoungGen      total 55296K, used 54262K [0x00000007bc400000, 0x00000007c0000000, 0x00000007c0000000)
  eden space 49664K, 100% used [0x00000007bc400000,0x00000007bf480000,0x00000007bf480000)
  from space 5632K, 81% used [0x00000007bf480000,0x00000007bf8fdae8,0x00000007bfa00000)
  to   space 6144K, 0% used [0x00000007bfa00000,0x00000007bfa00000,0x00000007c0000000)
 ParOldGen       total 209408K, used 177647K [0x0000000700000000, 0x000000070cc80000, 0x00000007bc400000)
  object space 209408K, 84% used [0x0000000700000000,0x000000070ad7bf30,0x000000070cc80000)
 Metaspace       used 81852K, capacity 82691K, committed 83456K, reserved 1120256K
  class space    used 12083K, capacity 12251K, committed 12288K, reserved 1048576K
Event: 5478.275 GC heap after
Heap after GC invocations=243 (full 21):
 PSYoungGen      total 41984K, used 6136K [0x00000007bc400000, 0x00000007c0000000, 0x00000007c0000000)
  eden space 35840K, 0% used [0x00000007bc400000,0x00000007bc400000,0x00000007be700000)
  from space 6144K, 99% used [0x00000007bfa00000,0x00000007bfffe370,0x00000007c0000000)
  to   space 12800K, 0% used [0x00000007be700000,0x00000007be700000,0x00000007bf380000)
 ParOldGen       total 209408K, used 191314K [0x0000000700000000, 0x000000070cc80000, 0x00000007bc400000)
  object space 209408K, 91% used [0x0000000700000000,0x000000070bad4aa0,0x000000070cc80000)
 Metaspace       used 81852K, capacity 82691K, committed 83456K, reserved 1120256K
  class space    used 12083K, capacity 12251K, committed 12288K, reserved 1048576K
}
Event: 5483.652 GC heap before
{Heap before GC invocations=244 (full 21):
 PSYoungGen      total 41984K, used 41976K [0x00000007bc400000, 0x00000007c0000000, 0x00000007c0000000)
  eden space 35840K, 100% used [0x00000007bc400000,0x00000007be700000,0x00000007be700000)
  from space 6144K, 99% used [0x00000007bfa00000,0x00000007bfffe370,0x00000007c0000000)
  to   space 12800K, 0% used [0x00000007be700000,0x00000007be700000,0x00000007bf380000)
 ParOldGen       total 209408K, used 191314K [0x0000000700000000, 0x000000070cc80000, 0x00000007bc400000)
  object space 209408K, 91% used [0x0000000700000000,0x000000070bad4aa0,0x000000070cc80000)
 Metaspace       used 81859K, capacity 82691K, committed 83456K, reserved 1120256K
  class space    used 12083K, capacity 12251K, committed 12288K, reserved 1048576K
Event: 5483.668 GC heap after
Heap after GC invocations=244 (full 21):
 PSYoungGen      total 46592K, used 10704K [0x00000007bc400000, 0x00000007c0000000, 0x00000007c0000000)
  eden space 35840K, 0% used [0x00000007bc400000,0x00000007bc400000,0x00000007be700000)
  from space 10752K, 99% used [0x00000007be700000,0x00000007bf174218,0x00000007bf180000)
  to   space 14336K, 0% used [0x00000007bf200000,0x00000007bf200000,0x00000007c0000000)
 ParOldGen       total 209408K, used 191346K [0x0000000700000000, 0x000000070cc80000, 0x00000007bc400000)
  object space 209408K, 91% used [0x0000000700000000,0x000000070badcaa0,0x000000070cc80000)
 Metaspace       used 81859K, capacity 82691K, committed 83456K, reserved 1120256K
  class space    used 12083K, capacity 12251K, committed 12288K, reserved 1048576K
}
Event: 5488.728 GC heap before
{Heap before GC invocations=245 (full 21):
 PSYoungGen      total 46592K, used 46544K [0x00000007bc400000, 0x00000007c0000000, 0x00000007c0000000)
  eden space 35840K, 100% used [0x00000007bc400000,0x00000007be700000,0x00000007be700000)
  from space 10752K, 99% used [0x00000007be700000,0x00000007bf174218,0x00000007bf180000)
  to   space 14336K, 0% used [0x00000007bf200000,0x00000007bf200000,0x00000007c0000000)
 ParOldGen       total 209408K, used 191346K [0x0000000700000000, 0x000000070cc80000, 0x00000007bc400000)
  object space 209408K, 91% used [0x0000000700000000,0x000000070badcaa0,0x000000070cc80000)
 Metaspace       used 81869K, capacity 82691K, committed 83456K, reserved 1120256K
  class space    used 12083K, capacity 12251K, committed 12288K, reserved 1048576K
Event: 5488.744 GC heap after
Heap after GC invocations=245 (full 21):
 PSYoungGen      total 45056K, used 10423K [0x00000007bc400000, 0x00000007c0000000, 0x00000007c0000000)
  eden space 30720K, 0% used [0x00000007bc400000,0x00000007bc400000,0x00000007be200000)
  from space 14336K, 72% used [0x00000007bf200000,0x00000007bfc2ded0,0x00000007c0000000)
  to   space 15360K, 0% used [0x00000007be200000,0x00000007be200000,0x00000007bf100000)
 ParOldGen       total 209408K, used 191346K [0x0000000700000000, 0x000000070cc80000, 0x00000007bc400000)
  object space 209408K, 91% used [0x0000000700000000,0x000000070badcaa0,0x000000070cc80000)
 Metaspace       used 81869K, capacity 82691K, committed 83456K, reserved 1120256K
  class space    used 12083K, capacity 12251K, committed 12288K, reserved 1048576K
}
Event: 5493.933 GC heap before
{Heap before GC invocations=246 (full 21):
 PSYoungGen      total 45056K, used 37905K [0x00000007bc400000, 0x00000007c0000000, 0x00000007c0000000)
  eden space 30720K, 89% used [0x00000007bc400000,0x00000007bded6738,0x00000007be200000)
  from space 14336K, 72% used [0x00000007bf200000,0x00000007bfc2ded0,0x00000007c0000000)
  to   space 15360K, 0% used [0x00000007be200000,0x00000007be200000,0x00000007bf100000)
 ParOldGen       total 209408K, used 191346K [0x0000000700000000, 0x000000070cc80000, 0x00000007bc400000)
  object space 209408K, 91% used [0x0000000700000000,0x000000070badcaa0,0x000000070cc80000)
 Metaspace       used 81912K, capacity 82755K, committed 83456K, reserved 1120256K
  class space    used 12086K, capacity 12251K, committed 12288K, reserved 1048576K
Event: 5493.945 GC heap after
Heap after GC invocations=246 (full 21):
 PSYoungGen      total 46080K, used 7498K [0x00000007bc400000, 0x00000007c0000000, 0x00000007c0000000)
  eden space 30720K, 0% used [0x00000007bc400000,0x00000007bc400000,0x00000007be200000)
  from space 15360K, 48% used [0x00000007be200000,0x00000007be952a30,0x00000007bf100000)
  to   space 15360K, 0% used [0x00000007bf100000,0x00000007bf100000,0x00000007c0000000)
 ParOldGen       total 209408K, used 191346K [0x0000000700000000, 0x000000070cc80000, 0x00000007bc400000)
  object space 209408K, 91% used [0x0000000700000000,0x000000070badcaa0,0x000000070cc80000)
 Metaspace       used 81912K, capacity 82755K, committed 83456K, reserved 1120256K
  class space    used 12086K, capacity 12251K, committed 12288K, reserved 1048576K
}
Event: 5496.179 GC heap before
{Heap before GC invocations=247 (full 21):
 PSYoungGen      total 46080K, used 38218K [0x00000007bc400000, 0x00000007c0000000, 0x00000007c0000000)
  eden space 30720K, 100% used [0x00000007bc400000,0x00000007be200000,0x00000007be200000)
  from space 15360K, 48% used [0x00000007be200000,0x00000007be952a30,0x00000007bf100000)
  to   space 15360K, 0% used [0x00000007bf100000,0x00000007bf100000,0x00000007c0000000)
 ParOldGen       total 209408K, used 191346K [0x0000000700000000, 0x000000070cc80000, 0x00000007bc400000)
  object space 209408K, 91% used [0x0000000700000000,0x000000070badcaa0,0x000000070cc80000)
 Metaspace       used 81921K, capacity 82755K, committed 83456K, reserved 1120256K
  class space    used 12086K, capacity 12251K, committed 12288K, reserved 1048576K
Event: 5496.190 GC heap after
Heap after GC invocations=247 (full 21):
 PSYoungGen      total 43008K, used 12190K [0x00000007bc400000, 0x00000007c0000000, 0x00000007c0000000)
  eden space 27648K, 0% used [0x00000007bc400000,0x00000007bc400000,0x00000007bdf00000)
  from space 15360K, 79% used [0x00000007bf100000,0x00000007bfce7828,0x00000007c0000000)
  to   space 16896K, 0% used [0x00000007bdf00000,0x00000007bdf00000,0x00000007bef80000)
 ParOldGen       total 209408K, used 191362K [0x0000000700000000, 0x000000070cc80000, 0x00000007bc400000)
  object space 209408K, 91% used [0x0000000700000000,0x000000070bae0aa0,0x000000070cc80000)
 Metaspace       used 81921K, capacity 82755K, committed 83456K, reserved 1120256K
  class space    used 12086K, capacity 12251K, committed 12288K, reserved 1048576K
}

